# JRE version: 6.0_33-b33
# Java VM: OpenJDK Server VM (23.25-b01 mixed mode, sharing linux-x86 )
Heap
 def new generation   total 4928K, used 791K [0x6b310000, 0x6b860000, 0x75a60000)
  eden space 4416K,  17% used [0x6b310000, 0x6b3d5cc8, 0x6b760000)
  from space 512K,   0% used [0x6b760000, 0x6b760000, 0x6b7e0000)
  to   space 512K,   0% used [0x6b7e0000, 0x6b7e0000, 0x6b860000)
 tenured generation   total 10752K, used 1646K [0x75a60000, 0x764e0000, 0x8a910000)
   the space 10752K,  15% used [0x75a60000, 0x75bfb970, 0x75bfba00, 0x764e0000)
 compacting perm gen  total 16384K, used 1838K [0x8a910000, 0x8b910000, 0x92910000)
   the space 16384K,  11% used [0x8a910000, 0x8aadb8c8, 0x8aadba00, 0x8b910000)
    ro space 10240K,  56% used [0x92910000, 0x92eae3d8, 0x92eae400, 0x93310000)
    rw space 12288K,  62% used [0x93310000, 0x93a9d090, 0x93a9d200, 0x93f10000)
GC Heap History (6 events):
Event: 14.531 GC heap before
{Heap before GC invocations=0 (full 0):
 def new generation   total 4800K, used 4288K [0x6b310000, 0x6b840000, 0x75a60000)
  eden space 4288K, 100% used [0x6b310000, 0x6b740000, 0x6b740000)
  from space 512K,   0% used [0x6b740000, 0x6b740000, 0x6b7c0000)
  to   space 512K,   0% used [0x6b7c0000, 0x6b7c0000, 0x6b840000)
 tenured generation   total 10752K, used 0K [0x75a60000, 0x764e0000, 0x8a910000)
   the space 10752K,   0% used [0x75a60000, 0x75a60000, 0x75a60200, 0x764e0000)
 compacting perm gen  total 16384K, used 811K [0x8a910000, 0x8b910000, 0x92910000)
   the space 16384K,   4% used [0x8a910000, 0x8a9dad40, 0x8a9dae00, 0x8b910000)
    ro space 10240K,  56% used [0x92910000, 0x92eae3d8, 0x92eae400, 0x93310000)
    rw space 12288K,  62% used [0x93310000, 0x93a9d090, 0x93a9d200, 0x93f10000)
Event: 14.539 GC heap after
Heap after GC invocations=1 (full 0):
 def new generation   total 4800K, used 512K [0x6b310000, 0x6b840000, 0x75a60000)
  eden space 4288K,   0% used [0x6b310000, 0x6b310000, 0x6b740000)
  from space 512K, 100% used [0x6b7c0000, 0x6b840000, 0x6b840000)
  to   space 512K,   0% used [0x6b740000, 0x6b740000, 0x6b7c0000)
 tenured generation   total 10752K, used 435K [0x75a60000, 0x764e0000, 0x8a910000)
   the space 10752K,   4% used [0x75a60000, 0x75accf60, 0x75acd000, 0x764e0000)
 compacting perm gen  total 16384K, used 811K [0x8a910000, 0x8b910000, 0x92910000)
   the space 16384K,   4% used [0x8a910000, 0x8a9dad40, 0x8a9dae00, 0x8b910000)
    ro space 10240K,  56% used [0x92910000, 0x92eae3d8, 0x92eae400, 0x93310000)
    rw space 12288K,  62% used [0x93310000, 0x93a9d090, 0x93a9d200, 0x93f10000)
}
Event: 14.774 GC heap before
{Heap before GC invocations=1 (full 0):
 def new generation   total 4800K, used 4800K [0x6b310000, 0x6b840000, 0x75a60000)
  eden space 4288K, 100% used [0x6b310000, 0x6b740000, 0x6b740000)
  from space 512K, 100% used [0x6b7c0000, 0x6b840000, 0x6b840000)
  to   space 512K,   0% used [0x6b740000, 0x6b740000, 0x6b7c0000)
 tenured generation   total 10752K, used 435K [0x75a60000, 0x764e0000, 0x8a910000)
   the space 10752K,   4% used [0x75a60000, 0x75accf60, 0x75acd000, 0x764e0000)
 compacting perm gen  total 16384K, used 1462K [0x8a910000, 0x8b910000, 0x92910000)
   the space 16384K,   8% used [0x8a910000, 0x8aa7d830, 0x8aa7da00, 0x8b910000)
    ro space 10240K,  56% used [0x92910000, 0x92eae3d8, 0x92eae400, 0x93310000)
    rw space 12288K,  62% used [0x93310000, 0x93a9d090, 0x93a9d200, 0x93f10000)
Event: 14.780 GC heap after
Heap after GC invocations=2 (full 0):
 def new generation   total 4800K, used 493K [0x6b310000, 0x6b840000, 0x75a60000)
  eden space 4288K,   0% used [0x6b310000, 0x6b310000, 0x6b740000)
  from space 512K,  96% used [0x6b740000, 0x6b7bb690, 0x6b7c0000)
  to   space 512K,   0% used [0x6b7c0000, 0x6b7c0000, 0x6b840000)
 tenured generation   total 10752K, used 945K [0x75a60000, 0x764e0000, 0x8a910000)
   the space 10752K,   8% used [0x75a60000, 0x75b4c7f0, 0x75b4c800, 0x764e0000)
 compacting perm gen  total 16384K, used 1462K [0x8a910000, 0x8b910000, 0x92910000)
   the space 16384K,   8% used [0x8a910000, 0x8aa7d830, 0x8aa7da00, 0x8b910000)
    ro space 10240K,  56% used [0x92910000, 0x92eae3d8, 0x92eae400, 0x93310000)
    rw space 12288K,  62% used [0x93310000, 0x93a9d090, 0x93a9d200, 0x93f10000)
}
Event: 15.527 GC heap before
{Heap before GC invocations=2 (full 0):
 def new generation   total 4800K, used 2143K [0x6b310000, 0x6b840000, 0x75a60000)
  eden space 4288K,  38% used [0x6b310000, 0x6b4ac900, 0x6b740000)
  from space 512K,  96% used [0x6b740000, 0x6b7bb690, 0x6b7c0000)
  to   space 512K,   0% used [0x6b7c0000, 0x6b7c0000, 0x6b840000)
 tenured generation   total 10752K, used 945K [0x75a60000, 0x764e0000, 0x8a910000)
   the space 10752K,   8% used [0x75a60000, 0x75b4c7f0, 0x75b4c800, 0x764e0000)
 compacting perm gen  total 16384K, used 1711K [0x8a910000, 0x8b910000, 0x92910000)
   the space 16384K,  10% used [0x8a910000, 0x8aabbe10, 0x8aabc000, 0x8b910000)
    ro space 10240K,  56% used [0x92910000, 0x92eae3d8, 0x92eae400, 0x93310000)
    rw space 12288K,  62% used [0x93310000, 0x93a9d090, 0x93a9d200, 0x93f10000)
Event: 15.562 GC heap after
Heap after GC invocations=3 (full 1):
 def new generation   total 4928K, used 0K [0x6b310000, 0x6b860000, 0x75a60000)
  eden space 4416K,   0% used [0x6b310000, 0x6b310000, 0x6b760000)
  from space 512K,   0% used [0x6b760000, 0x6b760000, 0x6b7e0000)
  to   space 512K,   0% used [0x6b7e0000, 0x6b7e0000, 0x6b860000)
 tenured generation   total 10752K, used 1646K [0x75a60000, 0x764e0000, 0x8a910000)
   the space 10752K,  15% used [0x75a60000, 0x75bfb970, 0x75bfba00, 0x764e0000)
 compacting perm gen  total 16384K, used 1711K [0x8a910000, 0x8b910000, 0x92910000)
   the space 16384K,  10% used [0x8a910000, 0x8aabbe10, 0x8aabc000, 0x8b910000)
    ro space 10240K,  56% used [0x92910000, 0x92eae3d8, 0x92eae400, 0x93310000)
    rw space 12288K,  62% used [0x93310000, 0x93a9d090, 0x93a9d200, 0x93f10000)
}

