# JRE version: 6.0_33-b33
# Java VM: OpenJDK Server VM (23.25-b01 mixed mode, sharing linux-x86 )
Heap
 def new generation   total 4928K, used 3939K [0x6b310000, 0x6b860000, 0x75a60000)
  eden space 4416K,  87% used [0x6b310000, 0x6b6d4b60, 0x6b760000)
  from space 512K,  15% used [0x6b760000, 0x6b7740f0, 0x6b7e0000)
  to   space 512K,   0% used [0x6b7e0000, 0x6b7e0000, 0x6b860000)
 tenured generation   total 10752K, used 1592K [0x75a60000, 0x764e0000, 0x8a910000)
   the space 10752K,  14% used [0x75a60000, 0x75bee118, 0x75bee200, 0x764e0000)
 compacting perm gen  total 16384K, used 2008K [0x8a910000, 0x8b910000, 0x92910000)
   the space 16384K,  12% used [0x8a910000, 0x8ab06220, 0x8ab06400, 0x8b910000)
    ro space 10240K,  56% used [0x92910000, 0x92eae3d8, 0x92eae400, 0x93310000)
    rw space 12288K,  62% used [0x93310000, 0x93a9d090, 0x93a9d200, 0x93f10000)
GC Heap History (10 events):
Event: 21.426 GC heap before
{Heap before GC invocations=0 (full 0):
 def new generation   total 4800K, used 4288K [0x6b310000, 0x6b840000, 0x75a60000)
  eden space 4288K, 100% used [0x6b310000, 0x6b740000, 0x6b740000)
  from space 512K,   0% used [0x6b740000, 0x6b740000, 0x6b7c0000)
  to   space 512K,   0% used [0x6b7c0000, 0x6b7c0000, 0x6b840000)
 tenured generation   total 10752K, used 0K [0x75a60000, 0x764e0000, 0x8a910000)
   the space 10752K,   0% used [0x75a60000, 0x75a60000, 0x75a60200, 0x764e0000)
 compacting perm gen  total 16384K, used 814K [0x8a910000, 0x8b910000, 0x92910000)
   the space 16384K,   4% used [0x8a910000, 0x8a9db938, 0x8a9dba00, 0x8b910000)
    ro space 10240K,  56% used [0x92910000, 0x92eae3d8, 0x92eae400, 0x93310000)
    rw space 12288K,  62% used [0x93310000, 0x93a9d090, 0x93a9d200, 0x93f10000)
Event: 21.436 GC heap after
Heap after GC invocations=1 (full 0):
 def new generation   total 4800K, used 512K [0x6b310000, 0x6b840000, 0x75a60000)
  eden space 4288K,   0% used [0x6b310000, 0x6b310000, 0x6b740000)
  from space 512K, 100% used [0x6b7c0000, 0x6b840000, 0x6b840000)
  to   space 512K,   0% used [0x6b740000, 0x6b740000, 0x6b7c0000)
 tenured generation   total 10752K, used 439K [0x75a60000, 0x764e0000, 0x8a910000)
   the space 10752K,   4% used [0x75a60000, 0x75acdf00, 0x75ace000, 0x764e0000)
 compacting perm gen  total 16384K, used 814K [0x8a910000, 0x8b910000, 0x92910000)
   the space 16384K,   4% used [0x8a910000, 0x8a9db938, 0x8a9dba00, 0x8b910000)
    ro space 10240K,  56% used [0x92910000, 0x92eae3d8, 0x92eae400, 0x93310000)
    rw space 12288K,  62% used [0x93310000, 0x93a9d090, 0x93a9d200, 0x93f10000)
}
Event: 21.991 GC heap before
{Heap before GC invocations=1 (full 0):
 def new generation   total 4800K, used 4800K [0x6b310000, 0x6b840000, 0x75a60000)
  eden space 4288K, 100% used [0x6b310000, 0x6b740000, 0x6b740000)
  from space 512K, 100% used [0x6b7c0000, 0x6b840000, 0x6b840000)
  to   space 512K,   0% used [0x6b740000, 0x6b740000, 0x6b7c0000)
 tenured generation   total 10752K, used 439K [0x75a60000, 0x764e0000, 0x8a910000)
   the space 10752K,   4% used [0x75a60000, 0x75acdf00, 0x75ace000, 0x764e0000)
 compacting perm gen  total 16384K, used 1464K [0x8a910000, 0x8b910000, 0x92910000)
   the space 16384K,   8% used [0x8a910000, 0x8aa7e370, 0x8aa7e400, 0x8b910000)
    ro space 10240K,  56% used [0x92910000, 0x92eae3d8, 0x92eae400, 0x93310000)
    rw space 12288K,  62% used [0x93310000, 0x93a9d090, 0x93a9d200, 0x93f10000)
Event: 22.000 GC heap after
Heap after GC invocations=2 (full 0):
 def new generation   total 4800K, used 500K [0x6b310000, 0x6b840000, 0x75a60000)
  eden space 4288K,   0% used [0x6b310000, 0x6b310000, 0x6b740000)
  from space 512K,  97% used [0x6b740000, 0x6b7bd078, 0x6b7c0000)
  to   space 512K,   0% used [0x6b7c0000, 0x6b7c0000, 0x6b840000)
 tenured generation   total 10752K, used 949K [0x75a60000, 0x764e0000, 0x8a910000)
   the space 10752K,   8% used [0x75a60000, 0x75b4d6d0, 0x75b4d800, 0x764e0000)
 compacting perm gen  total 16384K, used 1464K [0x8a910000, 0x8b910000, 0x92910000)
   the space 16384K,   8% used [0x8a910000, 0x8aa7e370, 0x8aa7e400, 0x8b910000)
    ro space 10240K,  56% used [0x92910000, 0x92eae3d8, 0x92eae400, 0x93310000)
    rw space 12288K,  62% used [0x93310000, 0x93a9d090, 0x93a9d200, 0x93f10000)
}
Event: 22.878 GC heap before
{Heap before GC invocations=2 (full 0):
 def new generation   total 4800K, used 1907K [0x6b310000, 0x6b840000, 0x75a60000)
  eden space 4288K,  32% used [0x6b310000, 0x6b46fbc8, 0x6b740000)
  from space 512K,  97% used [0x6b740000, 0x6b7bd078, 0x6b7c0000)
  to   space 512K,   0% used [0x6b7c0000, 0x6b7c0000, 0x6b840000)
 tenured generation   total 10752K, used 949K [0x75a60000, 0x764e0000, 0x8a910000)
   the space 10752K,   8% used [0x75a60000, 0x75b4d6d0, 0x75b4d800, 0x764e0000)
 compacting perm gen  total 16384K, used 1641K [0x8a910000, 0x8b910000, 0x92910000)
   the space 16384K,  10% used [0x8a910000, 0x8aaaa4b8, 0x8aaaa600, 0x8b910000)
    ro space 10240K,  56% used [0x92910000, 0x92eae3d8, 0x92eae400, 0x93310000)
    rw space 12288K,  62% used [0x93310000, 0x93a9d090, 0x93a9d200, 0x93f10000)
Event: 22.909 GC heap after
Heap after GC invocations=3 (full 1):
 def new generation   total 4928K, used 0K [0x6b310000, 0x6b860000, 0x75a60000)
  eden space 4416K,   0% used [0x6b310000, 0x6b310000, 0x6b760000)
  from space 512K,   0% used [0x6b760000, 0x6b760000, 0x6b7e0000)
  to   space 512K,   0% used [0x6b7e0000, 0x6b7e0000, 0x6b860000)
 tenured generation   total 10752K, used 1592K [0x75a60000, 0x764e0000, 0x8a910000)
   the space 10752K,  14% used [0x75a60000, 0x75bee118, 0x75bee200, 0x764e0000)
 compacting perm gen  total 16384K, used 1641K [0x8a910000, 0x8b910000, 0x92910000)
   the space 16384K,  10% used [0x8a910000, 0x8aaaa4b8, 0x8aaaa600, 0x8b910000)
    ro space 10240K,  56% used [0x92910000, 0x92eae3d8, 0x92eae400, 0x93310000)
    rw space 12288K,  62% used [0x93310000, 0x93a9d090, 0x93a9d200, 0x93f10000)
}
Event: 383.021 GC heap before
{Heap before GC invocations=3 (full 1):
 def new generation   total 4928K, used 4416K [0x6b310000, 0x6b860000, 0x75a60000)
  eden space 4416K, 100% used [0x6b310000, 0x6b760000, 0x6b760000)
  from space 512K,   0% used [0x6b760000, 0x6b760000, 0x6b7e0000)
  to   space 512K,   0% used [0x6b7e0000, 0x6b7e0000, 0x6b860000)
 tenured generation   total 10752K, used 1592K [0x75a60000, 0x764e0000, 0x8a910000)
   the space 10752K,  14% used [0x75a60000, 0x75bee118, 0x75bee200, 0x764e0000)
 compacting perm gen  total 16384K, used 1882K [0x8a910000, 0x8b910000, 0x92910000)
   the space 16384K,  11% used [0x8a910000, 0x8aae6a58, 0x8aae6c00, 0x8b910000)
    ro space 10240K,  56% used [0x92910000, 0x92eae3d8, 0x92eae400, 0x93310000)
    rw space 12288K,  62% used [0x93310000, 0x93a9d090, 0x93a9d200, 0x93f10000)
Event: 383.030 GC heap after
Heap after GC invocations=4 (full 1):
 def new generation   total 4928K, used 80K [0x6b310000, 0x6b860000, 0x75a60000)
  eden space 4416K,   0% used [0x6b310000, 0x6b310000, 0x6b760000)
  from space 512K,  15% used [0x6b7e0000, 0x6b7f4380, 0x6b860000)
  to   space 512K,   0% used [0x6b760000, 0x6b760000, 0x6b7e0000)
 tenured generation   total 10752K, used 1592K [0x75a60000, 0x764e0000, 0x8a910000)
   the space 10752K,  14% used [0x75a60000, 0x75bee118, 0x75bee200, 0x764e0000)
 compacting perm gen  total 16384K, used 1882K [0x8a910000, 0x8b910000, 0x92910000)
   the space 16384K,  11% used [0x8a910000, 0x8aae6a58, 0x8aae6c00, 0x8b910000)
    ro space 10240K,  56% used [0x92910000, 0x92eae3d8, 0x92eae400, 0x93310000)
    rw space 12288K,  62% used [0x93310000, 0x93a9d090, 0x93a9d200, 0x93f10000)
}
Event: 1119.242 GC heap before
{Heap before GC invocations=4 (full 1):
 def new generation   total 4928K, used 4496K [0x6b310000, 0x6b860000, 0x75a60000)
  eden space 4416K, 100% used [0x6b310000, 0x6b760000, 0x6b760000)
  from space 512K,  15% used [0x6b7e0000, 0x6b7f4380, 0x6b860000)
  to   space 512K,   0% used [0x6b760000, 0x6b760000, 0x6b7e0000)
 tenured generation   total 10752K, used 1592K [0x75a60000, 0x764e0000, 0x8a910000)
   the space 10752K,  14% used [0x75a60000, 0x75bee118, 0x75bee200, 0x764e0000)
 compacting perm gen  total 16384K, used 1924K [0x8a910000, 0x8b910000, 0x92910000)
   the space 16384K,  11% used [0x8a910000, 0x8aaf1280, 0x8aaf1400, 0x8b910000)
    ro space 10240K,  56% used [0x92910000, 0x92eae3d8, 0x92eae400, 0x93310000)
    rw space 12288K,  62% used [0x93310000, 0x93a9d090, 0x93a9d200, 0x93f10000)
Event: 1119.248 GC heap after
Heap after GC invocations=5 (full 1):
 def new generation   total 4928K, used 80K [0x6b310000, 0x6b860000, 0x75a60000)
  eden space 4416K,   0% used [0x6b310000, 0x6b310000, 0x6b760000)
  from space 512K,  15% used [0x6b760000, 0x6b7740f0, 0x6b7e0000)
  to   space 512K,   0% used [0x6b7e0000, 0x6b7e0000, 0x6b860000)
 tenured generation   total 10752K, used 1592K [0x75a60000, 0x764e0000, 0x8a910000)
   the space 10752K,  14% used [0x75a60000, 0x75bee118, 0x75bee200, 0x764e0000)
 compacting perm gen  total 16384K, used 1924K [0x8a910000, 0x8b910000, 0x92910000)
   the space 16384K,  11% used [0x8a910000, 0x8aaf1280, 0x8aaf1400, 0x8b910000)
    ro space 10240K,  56% used [0x92910000, 0x92eae3d8, 0x92eae400, 0x93310000)
    rw space 12288K,  62% used [0x93310000, 0x93a9d090, 0x93a9d200, 0x93f10000)
}

